<?xml version="1.0" encoding="UTF-8"?>
<!-- Generated by org.testng.reporters.JUnitReportReporter -->
<testsuite hostname="IWSW2103DL0217" failures="0" tests="1" name="TestSite.TestSiteLaunch" time="0.006" errors="0" timestamp="2022-05-27T11:53:01 IST" skipped="0">
  <testcase classname="TestSite.TestSiteLaunch" name="SiteLaunch" time="0.006"/>
  <system-out/>
</testsuite> <!-- TestSite.TestSiteLaunch -->
